********************************************************************************
DUPLICATOR-LITE PACKAGE-LOG: October 20, 2022 1:07 pm
NOTICE: Do NOT post to public sites or forums 
********************************************************************************
VERSION:	1.5.0
WORDPRESS:	6.0.2
PHP INFO:	7.4.29 | SAPI: apache2handler
SERVER:		Apache/2.4.53 (Win64) OpenSSL/1.1.1n PHP/7.4.29 
PHP TIME LIMIT: (0) no time limit imposed 
PHP MAX MEMORY: 4294967296 (512M default) 
MEMORY STACK: 6MB

********************************************************************************
DATABASE:
********************************************************************************
BUILD MODE:   MYSQLDUMP
MYSQLTIMEOUT: 5000
MYSQLDUMP:    Is Supported
SQL CREATED: 20221020_dukanmarket_570a8bf94c9f23289597_20221020130706_database.sql
SQL FILE SIZE: 1.42MB (1492542)
SQL FILE TIME: 2022-10-20 13:07:18
SQL RUNTIME: 3.66 sec.

********************************************************************************
ARCHIVE (ZIP):
********************************************************************************
ARCHIVE DIR:  F:/xampp/htdocs/wordpress_theme_plugin_dev/dukanmarket
ARCHIVE FILE: 20221020_dukanmarket_570a8bf94c9f23289597_20221020130706_archive.zip
FILTERS: *OFF*
DIRS:
	not set
FILES:
	not set
EXTS:  not set
----------------------------------------
COMPRESSING
SIZE:	86.32MB
STATS:	Dirs 820 | Files 5,229
SQL ADDED: 20221020_dukanmarket_570a8bf94c9f23289597_20221020130706_database.sql
ZipArchive Object
(
    [status] => 0
    [statusSys] => 0
    [numFiles] => 6049
    [filename] => F:\xampp\htdocs\wordpress_theme_plugin_dev\dukanmarket\wp-content\backups-dup-lite\tmp\20221020_dukanmarket_570a8bf94c9f23289597_20221020130706_archive.zip
    [comment] => 
)

FILE ADDED TO ZIP: 6048
COMPRESSION RESULT: '1'
COMPRESSED SIZE: 32.77MB
ARCHIVE RUNTIME: 19.13 sec.
MEMORY STACK: 8MB
building installer
ARCHIVE CONSISTENCY TEST: PASS

********************************************************************************
INTEGRITY CHECKS:
********************************************************************************
SQL FILE: 1.42MB
INSTALLER FILE: 73.36KB
ARCHIVE FILE: 34.61MB 
EXPECTED FILE/DIRECTORY COUNT: 6,049
ACTUAL FILE/DIRECTORY COUNT: 6,048
ARCHIVE CONSISTENCY TEST: Pass

********************************************************************************
RECORD ID:[1]
TOTAL PROCESS RUNTIME: 24.61 sec.
PEAK PHP MEMORY USED: 10MB
DONE PROCESSING => 20221020_dukanmarket October 20, 2022 1:07 pm

